2025-02-09 21:46:01 CREATED hot\file1.txt
2025-02-09 21:46:01 BACKUP hot\file1.txt
2025-02-09 21:46:01 MODIFIED hot\file1.txt
2025-02-09 21:46:01 BACKUP hot\file1.txt
2025-02-09 21:46:16 CREATED hot\file2.txt
2025-02-09 21:46:16 BACKUP hot\file2.txt
2025-02-09 21:46:16 MODIFIED hot\file2.txt
2025-02-09 21:46:16 BACKUP hot\file2.txt
2025-02-09 21:46:26 CREATED hot\file3.txt
2025-02-09 21:46:26 BACKUP hot\file3.txt
2025-02-09 21:46:26 MODIFIED hot\file3.txt
2025-02-09 21:46:26 BACKUP hot\file3.txt
2025-02-09 21:46:43 MODIFIED hot\file3.txt
2025-02-09 21:46:43 BACKUP hot\file3.txt
2025-02-09 21:47:06 CREATED hot\delete_file1.txt
2025-02-09 21:47:06 DELETE hot\delete_file1.txt
2025-02-09 21:47:06 MODIFIED hot\delete_file1.txt
2025-02-09 21:47:06 DELETE hot\delete_file1.txt
2025-02-09 21:47:06 DELETED hot\delete_file1.txt
2025-02-09 21:47:06 DELETED hot\file1.txt
2025-02-09 21:47:34 RENAMED hot\file2.txt
2025-02-09 21:47:34 RENAME hot\file2.txt
2025-02-09 21:47:34 CREATED hot\file22.txt
2025-02-09 21:47:34 BACKUP hot\file22.txt
2025-02-09 21:54:30 CREATED hot\file1.txt
2025-02-09 21:54:30 BACKUP hot\file1.txt
2025-02-09 21:54:30 MODIFIED hot\file1.txt
2025-02-09 21:54:30 BACKUP hot\file1.txt
2025-02-09 21:54:33 CREATED hot\file2.txt
2025-02-09 21:54:33 BACKUP hot\file2.txt
2025-02-09 21:54:33 MODIFIED hot\file2.txt
2025-02-09 21:54:33 BACKUP hot\file2.txt
2025-02-09 21:54:39 MODIFIED hot\file2.txt
2025-02-09 21:54:39 BACKUP hot\file2.txt
2025-02-09 21:54:43 MODIFIED hot\file2.txt
2025-02-09 21:54:43 BACKUP hot\file2.txt
2025-02-09 21:56:28 CREATED hot\file1.txt
2025-02-09 21:56:28 BACKUP hot\file1.txt
2025-02-09 21:56:28 MODIFIED hot\file1.txt
2025-02-09 21:56:28 BACKUP hot\file1.txt
2025-02-09 21:56:30 CREATED hot\file2.txt
2025-02-09 21:56:30 BACKUP hot\file2.txt
2025-02-09 21:56:30 MODIFIED hot\file2.txt
2025-02-09 21:56:30 BACKUP hot\file2.txt
2025-02-09 21:56:53 CREATED hot\delete_file1.txt
2025-02-09 21:56:53 DELETE hot\delete_file1.txt
2025-02-09 21:56:53 MODIFIED hot\delete_file1.txt
2025-02-09 21:56:53 DELETE hot\delete_file1.txt
2025-02-09 21:56:53 DELETED hot\delete_file1.txt
2025-02-09 21:56:53 DELETED hot\file1.txt
2025-02-09 21:57:10 CREATED hot\file3.txt
2025-02-09 21:57:10 BACKUP hot\file3.txt
2025-02-09 21:57:10 MODIFIED hot\file3.txt
2025-02-09 21:57:10 BACKUP hot\file3.txt
2025-02-09 21:57:20 RENAMED hot\file2.txt
2025-02-09 21:57:20 RENAME hot\file2.txt
2025-02-09 21:57:20 CREATED hot\file22.txt
2025-02-09 21:57:20 BACKUP hot\file22.txt
2025-02-09 22:03:44 CREATED hot\file1.txt
2025-02-09 22:03:44 BACKUP hot\file1.txt
2025-02-09 22:03:44 MODIFIED hot\file1.txt
2025-02-09 22:03:44 BACKUP hot\file1.txt
2025-02-09 22:03:48 CREATED hot\file2.txt
2025-02-09 22:03:48 BACKUP hot\file2.txt
2025-02-09 22:03:48 MODIFIED hot\file2.txt
2025-02-09 22:03:48 BACKUP hot\file2.txt
2025-02-09 22:04:57 CREATED hot\file1.txt
2025-02-09 22:04:57 BACKUP hot\file1.txt
2025-02-09 22:04:57 MODIFIED hot\file1.txt
2025-02-09 22:04:57 BACKUP hot\file1.txt
2025-02-09 22:05:06 CREATED hot\file2.txt
2025-02-09 22:05:06 BACKUP hot\file2.txt
2025-02-09 22:05:06 MODIFIED hot\file2.txt
2025-02-09 22:05:06 BACKUP hot\file2.txt
2025-02-09 22:05:13 CREATED hot\file3.txt
2025-02-09 22:05:13 BACKUP hot\file3.txt
2025-02-09 22:05:13 MODIFIED hot\file3.txt
2025-02-09 22:05:13 BACKUP hot\file3.txt
2025-02-09 22:05:23 CREATED hot\delete_file1.txt
2025-02-09 22:05:23 DELETE hot\delete_file1.txt
2025-02-09 22:05:23 MODIFIED hot\delete_file1.txt
2025-02-09 22:05:23 DELETE hot\delete_file1.txt
2025-02-09 22:05:55 RENAMED hot\file2.txt
2025-02-09 22:05:55 RENAME hot\file2.txt
2025-02-09 22:05:55 CREATED hot\file22.txt
2025-02-09 22:05:55 BACKUP hot\file22.txt
2025-02-09 22:06:31 RENAMED hot\file3.txt
2025-02-09 22:06:31 RENAME hot\file3.txt
2025-02-09 22:06:31 CREATED hot\file33.txt
2025-02-09 22:06:31 BACKUP hot\file33.txt
2025-02-09 22:08:58 CREATED hot\file1.txt
2025-02-09 22:08:58 BACKUP hot\file1.txt
2025-02-09 22:08:58 MODIFIED hot\file1.txt
2025-02-09 22:08:58 BACKUP hot\file1.txt
2025-02-09 22:09:28 CREATED hot\file1.txt
2025-02-09 22:09:28 BACKUP hot\file1.txt
2025-02-09 22:09:28 MODIFIED hot\file1.txt
2025-02-09 22:09:28 BACKUP hot\file1.txt
2025-02-09 22:09:31 CREATED hot\file2.txt
2025-02-09 22:09:31 BACKUP hot\file2.txt
2025-02-09 22:09:31 MODIFIED hot\file2.txt
2025-02-09 22:09:31 BACKUP hot\file2.txt
2025-02-09 22:09:33 CREATED hot\file3.txt
2025-02-09 22:09:33 BACKUP hot\file3.txt
2025-02-09 22:09:33 MODIFIED hot\file3.txt
2025-02-09 22:09:33 BACKUP hot\file3.txt
2025-02-09 22:09:44 CREATED hot\delete_file1.txt
2025-02-09 22:09:44 DELETE hot\delete_file1.txt
2025-02-09 22:09:44 MODIFIED hot\delete_file1.txt
2025-02-09 22:09:44 DELETE hot\delete_file1.txt
2025-02-09 22:09:44 DELETED hot\delete_file1.txt
2025-02-09 22:09:44 DELETED hot\file1.txt
2025-02-09 22:10:10 RENAMED hot\file3.txt
2025-02-09 22:10:10 RENAME hot\file3.txt
2025-02-09 22:10:10 CREATED hot\file33.txt
2025-02-09 22:10:10 BACKUP hot\file33.txt
2025-02-09 22:10:27 DELETED hot\file33.txt
2025-02-09 22:10:27 RENAMED hot\file2.txt
2025-02-09 22:10:27 RENAME hot\file2.txt
2025-02-09 22:10:27 CREATED hot\file33.txt
2025-02-09 22:10:27 BACKUP hot\file33.txt
